Invalid port. Exiting...
Invalid port. Exiting...
1662427537974	geckodriver	INFO	Listening on 127.0.0.1:65204
1662427541013	mozrunner::runner	INFO	Running command: "C:\\Program Files\\Mozilla Firefox\\firefox.exe" "--marionette" "--remote-debugging-port" "65205" "--remote-allow-hosts" "localhost" "-no-remote" "-profile" "C:\\Users\\maxko\\AppData\\Local\\Temp\\rust_mozprofileoMsznq"
1662427541549	Marionette	INFO	Marionette enabled
1662427541556	Marionette	INFO	Listening on port 65218
Read port: 65218
WebDriver BiDi listening on ws://localhost:65205
1662427541723	RemoteAgent	WARN	TLS certificate errors will be ignored for this session
console.warn: SearchSettings: "get: No settings file exists, new profile?" (new NotFoundError("Could not open the file at C:\\Users\\maxko\\AppData\\Local\\Temp\\rust_mozprofileoMsznq\\search.json.mozlz4", (void 0)))
DevTools listening on ws://localhost:65205/devtools/browser/9dce2c28-3943-4627-8091-d4fdd0d10d9c
1662427546141	Marionette	INFO	Stopped listening on port 65218
[Parent 13828, IPC I/O Parent] WARNING: file /builds/worker/checkouts/gecko/ipc/chromium/src/base/process_util_win.cc:167
1662427568940	geckodriver	INFO	Listening on 127.0.0.1:65318
1662427571957	mozrunner::runner	INFO	Running command: "C:\\Program Files\\Mozilla Firefox\\firefox.exe" "--marionette" "--remote-debugging-port" "65319" "--remote-allow-hosts" "localhost" "-no-remote" "-profile" "C:\\Users\\maxko\\AppData\\Local\\Temp\\rust_mozprofileqmeR9k"
1662427572445	Marionette	INFO	Marionette enabled
1662427572452	Marionette	INFO	Listening on port 65335
WebDriver BiDi listening on ws://localhost:65319
Read port: 65335
1662427572620	RemoteAgent	WARN	TLS certificate errors will be ignored for this session
console.warn: SearchSettings: "get: No settings file exists, new profile?" (new NotFoundError("Could not open the file at C:\\Users\\maxko\\AppData\\Local\\Temp\\rust_mozprofileqmeR9k\\search.json.mozlz4", (void 0)))
DevTools listening on ws://localhost:65319/devtools/browser/aa36bdd7-7321-432b-897f-883e10dbab2a
1662427577220	Marionette	INFO	Stopped listening on port 65335
[Parent 22876, IPC I/O Parent] WARNING: file /builds/worker/checkouts/gecko/ipc/chromium/src/base/process_util_win.cc:167
[Parent 22876, IPC I/O Parent] WARNING: file /builds/worker/checkouts/gecko/ipc/chromium/src/base/process_util_win.cc:167
1662427614159	geckodriver	INFO	Listening on 127.0.0.1:65446
1662427617219	mozrunner::runner	INFO	Running command: "C:\\Program Files\\Mozilla Firefox\\firefox.exe" "--marionette" "--remote-debugging-port" "65447" "--remote-allow-hosts" "localhost" "-no-remote" "-profile" "C:\\Users\\maxko\\AppData\\Local\\Temp\\rust_mozprofile0CF7ur"
1662427617619	Marionette	INFO	Marionette enabled
1662427617625	Marionette	INFO	Listening on port 65459
WebDriver BiDi listening on ws://localhost:65447
Read port: 65459
1662427617751	RemoteAgent	WARN	TLS certificate errors will be ignored for this session
console.warn: SearchSettings: "get: No settings file exists, new profile?" (new NotFoundError("Could not open the file at C:\\Users\\maxko\\AppData\\Local\\Temp\\rust_mozprofile0CF7ur\\search.json.mozlz4", (void 0)))
DevTools listening on ws://localhost:65447/devtools/browser/58cb48a8-8f30-4997-bd94-eb3033208203
1662427629701	Marionette	INFO	Stopped listening on port 65459
[Parent 6432, IPC I/O Parent] WARNING: file /builds/worker/checkouts/gecko/ipc/chromium/src/base/process_util_win.cc:167
1662469959988	geckodriver	INFO	Listening on 127.0.0.1:59097
1662469963052	mozrunner::runner	INFO	Running command: "C:\\Program Files\\Mozilla Firefox\\firefox.exe" "--marionette" "--remote-debugging-port" "59098" "--remote-allow-hosts" "localhost" "-no-remote" "-profile" "C:\\Users\\maxko\\AppData\\Local\\Temp\\rust_mozprofile8d7Fif"
1662469963605	Marionette	INFO	Marionette enabled
1662469963612	Marionette	INFO	Listening on port 59111
WebDriver BiDi listening on ws://localhost:59098
Read port: 59111
1662469963930	RemoteAgent	WARN	TLS certificate errors will be ignored for this session
1662470264106	geckodriver	INFO	Listening on 127.0.0.1:59146
1662470267175	mozrunner::runner	INFO	Running command: "C:\\Program Files\\Mozilla Firefox\\firefox.exe" "--marionette" "--remote-debugging-port" "59147" "--remote-allow-hosts" "localhost" "-no-remote" "-profile" "C:\\Users\\maxko\\AppData\\Local\\Temp\\rust_mozprofileEh74WN"
1662470267648	Marionette	INFO	Marionette enabled
1662470267655	Marionette	INFO	Listening on port 59157
WebDriver BiDi listening on ws://localhost:59147
Read port: 59157
1662470267775	RemoteAgent	WARN	TLS certificate errors will be ignored for this session
console.warn: SearchSettings: "get: No settings file exists, new profile?" (new NotFoundError("Could not open the file at C:\\Users\\maxko\\AppData\\Local\\Temp\\rust_mozprofileEh74WN\\search.json.mozlz4", (void 0)))
DevTools listening on ws://localhost:59147/devtools/browser/6bab942a-bedc-4912-9032-3f55df6ad0bc
1662470278315	Marionette	INFO	Stopped listening on port 59157
1662470398799	geckodriver	INFO	Listening on 127.0.0.1:59271
1662470401859	mozrunner::runner	INFO	Running command: "C:\\Program Files\\Mozilla Firefox\\firefox.exe" "--marionette" "--remote-debugging-port" "59272" "--remote-allow-hosts" "localhost" "-no-remote" "-profile" "C:\\Users\\maxko\\AppData\\Local\\Temp\\rust_mozprofile8uMD0u"
1662470402268	Marionette	INFO	Marionette enabled
1662470402275	Marionette	INFO	Listening on port 59281
WebDriver BiDi listening on ws://localhost:59272
Read port: 59281
1662470402402	RemoteAgent	WARN	TLS certificate errors will be ignored for this session
console.warn: SearchSettings: "get: No settings file exists, new profile?" (new NotFoundError("Could not open the file at C:\\Users\\maxko\\AppData\\Local\\Temp\\rust_mozprofile8uMD0u\\search.json.mozlz4", (void 0)))
DevTools listening on ws://localhost:59272/devtools/browser/531d9005-9959-4efa-bf68-ad3702136591
1662470411350	Marionette	INFO	Stopped listening on port 59281
[Parent 11792, IPC I/O Parent] WARNING: file /builds/worker/checkouts/gecko/ipc/chromium/src/base/process_util_win.cc:167
[Parent 11792, IPC I/O Parent] WARNING: file /builds/worker/checkouts/gecko/ipc/chromium/src/base/process_util_win.cc:167
Invalid port. Exiting...
Invalid port. Exiting...
